<?xml version="1.0" encoding="UTF-8"?>
<!-- Generated by org.testng.reporters.JUnitReportReporter -->
<testsuite hostname="DESKTOP-5QCSHUD" name="testcases.TC002_DeleteLead" tests="1" failures="0" timestamp="14 Apr 2017 16:59:12 GMT" time="76.675" errors="0">
  <testcase name="createLead" time="76.675" classname="testcases.TC002_DeleteLead"/>
</testsuite> <!-- testcases.TC002_DeleteLead -->
